name: train
run_id: install_deps
env APPDATA: C:\Users\efiom\AppData\Roaming
env COMSPEC: C:\WINDOWS\system32\cmd.exe
env NUMBER_OF_PROCESSORS: 4
env PATHEXT: .COM;.EXE;.BAT;.CMD;.VBS;.VBE;.JS;.JSE;.WSF;.WSH;.MSC
env PROCESSOR_ARCHITECTURE: AMD64
env PROGRAMDATA: C:\ProgramData
env PROGRAMFILES: C:\Program Files
env PROGRAMFILES(X86): C:\Program Files (x86)
env SYSTEMDRIVE: C:
env SYSTEMROOT: C:\WINDOWS
env TEMP: C:\Users\efiom\AppData\Local\Temp
env TMP: C:\Users\efiom\AppData\Local\Temp
env USERPROFILE: C:\Users\efiom
env WINDIR: C:\WINDOWS
env PATH: C:\Users\efiom\Desktop\Outils\Projets\MachineLearningPipeline\Section5-production-model-package\.tox\test_package\Scripts;C:\Users\efiom\anaconda3\condabin;C:\Program Files (x86)\Common Files\Oracle\Java\java8path;C:\Program Files (x86)\Common Files\Oracle\Java\javapath;C:\Program Files (x86)\Microsoft Visual Studio\2022\BuildTools\Common7\IDE;C:\WINDOWS\system32;C:\WINDOWS;C:\WINDOWS\System32\Wbem;C:\WINDOWS\System32\WindowsPowerShell\v1.0\;C:\WINDOWS\System32\OpenSSH\;C:\Users\efiom\AppData\Local\Programs\Python\Python312;C:\hadoop-3.3.6;C:\Program Files\Java\jdk-21\bin;C:\ffmpeg\bin;C:\Users\efiom\anaconda3\Scripts;C:\Program Files\Git\cmd;C:\Program Files\Git\bin;C:\Program Files\Docker\Docker\resources\bin;C:\Program Files (x86)\Microsoft Visual Studio\2022\BuildTools\VC\Tools\MSVC\14.39.33519\bin\Hostx64\x64;C:\Users\efiom\AppData\Local\Programs\Python\Python312\Scripts\;C:\Users\efiom\AppData\Local\Programs\Python\Python312\;C:\Users\efiom\AppData\Local\Programs\Python\Launcher\;C:\Users\efiom\AppData\Local\Microsoft\WindowsApps;;C:\Users\efiom\AppData\Local\Programs\Microsoft VS Code\bin;C:\Program Files\JetBrains\PyCharm 2024.1.1\bin
env PIP_DISABLE_PIP_VERSION_CHECK: 1
env PYTHONIOENCODING: utf-8
env PYTHONPATH: .
env PYTHONHASHSEED: 0
env TOX_ENV_NAME: train
env TOX_WORK_DIR: C:\Users\efiom\Desktop\Outils\Projets\MachineLearningPipeline\Section5-production-model-package\.tox
env TOX_ENV_DIR: C:\Users\efiom\Desktop\Outils\Projets\MachineLearningPipeline\Section5-production-model-package\.tox\test_package
env VIRTUAL_ENV: C:\Users\efiom\Desktop\Outils\Projets\MachineLearningPipeline\Section5-production-model-package\.tox\test_package
env COLUMNS: 120
env LINES: 30
metadata pid: 2008
cwd: C:\Users\efiom\Desktop\Outils\Projets\MachineLearningPipeline\Section5-production-model-package
allow: C:\Users\efiom\Desktop\Outils\Projets\MachineLearningPipeline\Section5-production-model-package\.tox\test_package\Scripts\*:train
cmd: pip install setuptools -r C:\Users\efiom\Desktop\Outils\Projets\MachineLearningPipeline\Section5-production-model-package/requirements/test_requirements.txt
exit_code: 0
Collecting setuptools
  Using cached setuptools-75.1.0-py3-none-any.whl.metadata (6.9 kB)
Collecting numpy<2.0.0,>=1.21.0 (from -r C:\Users\efiom\Desktop\Outils\Projets\MachineLearningPipeline\Section5-production-model-package/requirements\requirements.txt (line 5))
  Using cached numpy-1.26.4-cp312-cp312-win_amd64.whl.metadata (61 kB)
Collecting pandas<3.0.0,>=2.2.0 (from -r C:\Users\efiom\Desktop\Outils\Projets\MachineLearningPipeline\Section5-production-model-package/requirements\requirements.txt (line 6))
  Using cached pandas-2.2.3-cp312-cp312-win_amd64.whl.metadata (19 kB)
Collecting pydantic<2.0.0,>=1.8.1 (from -r C:\Users\efiom\Desktop\Outils\Projets\MachineLearningPipeline\Section5-production-model-package/requirements\requirements.txt (line 7))
  Using cached pydantic-1.10.18-cp312-cp312-win_amd64.whl.metadata (153 kB)
Collecting scikit-learn<2.0.0,>=1.1.3 (from -r C:\Users\efiom\Desktop\Outils\Projets\MachineLearningPipeline\Section5-production-model-package/requirements\requirements.txt (line 8))
  Using cached scikit_learn-1.5.2-cp312-cp312-win_amd64.whl.metadata (13 kB)
Collecting strictyaml<2.0.0,>=1.3.2 (from -r C:\Users\efiom\Desktop\Outils\Projets\MachineLearningPipeline\Section5-production-model-package/requirements\requirements.txt (line 9))
  Using cached strictyaml-1.7.3-py3-none-any.whl.metadata (11 kB)
Collecting ruamel.yaml<1.0.0,>=0.16.12 (from -r C:\Users\efiom\Desktop\Outils\Projets\MachineLearningPipeline\Section5-production-model-package/requirements\requirements.txt (line 10))
  Using cached ruamel.yaml-0.18.6-py3-none-any.whl.metadata (23 kB)
Collecting feature-engine<1.9.0,>=1.0.2 (from -r C:\Users\efiom\Desktop\Outils\Projets\MachineLearningPipeline\Section5-production-model-package/requirements\requirements.txt (line 11))
  Using cached feature_engine-1.8.1-py2.py3-none-any.whl.metadata (9.8 kB)
Collecting joblib<2.0.0,>=1.1.0 (from -r C:\Users\efiom\Desktop\Outils\Projets\MachineLearningPipeline\Section5-production-model-package/requirements\requirements.txt (line 12))
  Using cached joblib-1.4.2-py3-none-any.whl.metadata (5.4 kB)
Collecting pandas-profiling>=3.2.0 (from -r C:\Users\efiom\Desktop\Outils\Projets\MachineLearningPipeline\Section5-production-model-package/requirements\requirements.txt (line 13))
  Using cached pandas_profiling-3.2.0-py2.py3-none-any.whl.metadata (21 kB)
Collecting pytest<8.0,>=6.0 (from -r C:\Users\efiom\Desktop\Outils\Projets\MachineLearningPipeline\Section5-production-model-package/requirements/test_requirements.txt (line 6))
  Using cached pytest-7.4.4-py3-none-any.whl.metadata (7.9 kB)
Collecting flake8<6.0,>=3.8 (from -r C:\Users\efiom\Desktop\Outils\Projets\MachineLearningPipeline\Section5-production-model-package/requirements/test_requirements.txt (line 7))
  Using cached flake8-5.0.4-py2.py3-none-any.whl.metadata (4.1 kB)
Collecting isort<6.0,>=5.0 (from -r C:\Users\efiom\Desktop\Outils\Projets\MachineLearningPipeline\Section5-production-model-package/requirements/test_requirements.txt (line 8))
  Using cached isort-5.13.2-py3-none-any.whl.metadata (12 kB)
Collecting mypy<1.0,>=0.910 (from -r C:\Users\efiom\Desktop\Outils\Projets\MachineLearningPipeline\Section5-production-model-package/requirements/test_requirements.txt (line 9))
  Using cached mypy-0.991-py3-none-any.whl.metadata (1.9 kB)
Collecting python-dateutil>=2.8.2 (from pandas<3.0.0,>=2.2.0->-r C:\Users\efiom\Desktop\Outils\Projets\MachineLearningPipeline\Section5-production-model-package/requirements\requirements.txt (line 6))
  Using cached python_dateutil-2.9.0.post0-py2.py3-none-any.whl.metadata (8.4 kB)
Collecting pytz>=2020.1 (from pandas<3.0.0,>=2.2.0->-r C:\Users\efiom\Desktop\Outils\Projets\MachineLearningPipeline\Section5-production-model-package/requirements\requirements.txt (line 6))
  Using cached pytz-2024.2-py2.py3-none-any.whl.metadata (22 kB)
Collecting tzdata>=2022.7 (from pandas<3.0.0,>=2.2.0->-r C:\Users\efiom\Desktop\Outils\Projets\MachineLearningPipeline\Section5-production-model-package/requirements\requirements.txt (line 6))
  Using cached tzdata-2024.2-py2.py3-none-any.whl.metadata (1.4 kB)
Collecting typing-extensions>=4.2.0 (from pydantic<2.0.0,>=1.8.1->-r C:\Users\efiom\Desktop\Outils\Projets\MachineLearningPipeline\Section5-production-model-package/requirements\requirements.txt (line 7))
  Using cached typing_extensions-4.12.2-py3-none-any.whl.metadata (3.0 kB)
Collecting scipy>=1.6.0 (from scikit-learn<2.0.0,>=1.1.3->-r C:\Users\efiom\Desktop\Outils\Projets\MachineLearningPipeline\Section5-production-model-package/requirements\requirements.txt (line 8))
  Using cached scipy-1.14.1-cp312-cp312-win_amd64.whl.metadata (60 kB)
Collecting threadpoolctl>=3.1.0 (from scikit-learn<2.0.0,>=1.1.3->-r C:\Users\efiom\Desktop\Outils\Projets\MachineLearningPipeline\Section5-production-model-package/requirements\requirements.txt (line 8))
  Using cached threadpoolctl-3.5.0-py3-none-any.whl.metadata (13 kB)
Collecting ruamel.yaml.clib>=0.2.7 (from ruamel.yaml<1.0.0,>=0.16.12->-r C:\Users\efiom\Desktop\Outils\Projets\MachineLearningPipeline\Section5-production-model-package/requirements\requirements.txt (line 10))
  Using cached ruamel.yaml.clib-0.2.8-cp312-cp312-win_amd64.whl.metadata (2.3 kB)
Collecting statsmodels>=0.11.1 (from feature-engine<1.9.0,>=1.0.2->-r C:\Users\efiom\Desktop\Outils\Projets\MachineLearningPipeline\Section5-production-model-package/requirements\requirements.txt (line 11))
  Using cached statsmodels-0.14.4-cp312-cp312-win_amd64.whl.metadata (9.5 kB)
INFO: pip is looking at multiple versions of pandas-profiling to determine which version is compatible with other requirements. This could take a while.
Collecting feature-engine<1.9.0,>=1.0.2 (from -r C:\Users\efiom\Desktop\Outils\Projets\MachineLearningPipeline\Section5-production-model-package/requirements\requirements.txt (line 11))
  Using cached feature_engine-1.8.0-py2.py3-none-any.whl.metadata (9.8 kB)
Collecting scikit-learn<2.0.0,>=1.1.3 (from -r C:\Users\efiom\Desktop\Outils\Projets\MachineLearningPipeline\Section5-production-model-package/requirements\requirements.txt (line 8))
  Using cached scikit_learn-1.5.1-cp312-cp312-win_amd64.whl.metadata (12 kB)
  Using cached scikit_learn-1.5.0-cp312-cp312-win_amd64.whl.metadata (11 kB)
  Using cached scikit_learn-1.4.2-cp312-cp312-win_amd64.whl.metadata (11 kB)
  Using cached scikit_learn-1.4.1.post1-cp312-cp312-win_amd64.whl.metadata (11 kB)
  Using cached scikit_learn-1.4.0-1-cp312-cp312-win_amd64.whl.metadata (11 kB)
  Using cached scikit_learn-1.3.2-cp312-cp312-win_amd64.whl.metadata (11 kB)
Collecting joblib<2.0.0,>=1.1.0 (from -r C:\Users\efiom\Desktop\Outils\Projets\MachineLearningPipeline\Section5-production-model-package/requirements\requirements.txt (line 12))
  Using cached joblib-1.1.1-py2.py3-none-any.whl.metadata (5.2 kB)
Collecting matplotlib>=3.2.0 (from pandas-profiling>=3.2.0->-r C:\Users\efiom\Desktop\Outils\Projets\MachineLearningPipeline\Section5-production-model-package/requirements\requirements.txt (line 13))
  Using cached matplotlib-3.9.2-cp312-cp312-win_amd64.whl.metadata (11 kB)
Collecting PyYAML>=5.0.0 (from pandas-profiling>=3.2.0->-r C:\Users\efiom\Desktop\Outils\Projets\MachineLearningPipeline\Section5-production-model-package/requirements\requirements.txt (line 13))
  Using cached PyYAML-6.0.2-cp312-cp312-win_amd64.whl.metadata (2.1 kB)
Collecting jinja2>=2.11.1 (from pandas-profiling>=3.2.0->-r C:\Users\efiom\Desktop\Outils\Projets\MachineLearningPipeline\Section5-production-model-package/requirements\requirements.txt (line 13))
  Using cached jinja2-3.1.4-py3-none-any.whl.metadata (2.6 kB)
Collecting markupsafe~=2.1.1 (from pandas-profiling>=3.2.0->-r C:\Users\efiom\Desktop\Outils\Projets\MachineLearningPipeline\Section5-production-model-package/requirements\requirements.txt (line 13))
  Using cached MarkupSafe-2.1.5-cp312-cp312-win_amd64.whl.metadata (3.1 kB)
Collecting visions==0.7.4 (from visions[type_image_path]==0.7.4->pandas-profiling>=3.2.0->-r C:\Users\efiom\Desktop\Outils\Projets\MachineLearningPipeline\Section5-production-model-package/requirements\requirements.txt (line 13))
  Using cached visions-0.7.4-py3-none-any.whl.metadata (5.9 kB)
Collecting htmlmin>=0.1.12 (from pandas-profiling>=3.2.0->-r C:\Users\efiom\Desktop\Outils\Projets\MachineLearningPipeline\Section5-production-model-package/requirements\requirements.txt (line 13))
  Using cached htmlmin-0.1.12-py3-none-any.whl
Collecting missingno>=0.4.2 (from pandas-profiling>=3.2.0->-r C:\Users\efiom\Desktop\Outils\Projets\MachineLearningPipeline\Section5-production-model-package/requirements\requirements.txt (line 13))
  Using cached missingno-0.5.2-py3-none-any.whl.metadata (639 bytes)
Collecting phik>=0.11.1 (from pandas-profiling>=3.2.0->-r C:\Users\efiom\Desktop\Outils\Projets\MachineLearningPipeline\Section5-production-model-package/requirements\requirements.txt (line 13))
  Using cached phik-0.12.4-cp312-cp312-win_amd64.whl.metadata (5.6 kB)
Collecting tangled-up-in-unicode==0.2.0 (from pandas-profiling>=3.2.0->-r C:\Users\efiom\Desktop\Outils\Projets\MachineLearningPipeline\Section5-production-model-package/requirements\requirements.txt (line 13))
  Using cached tangled_up_in_unicode-0.2.0-py3-none-any.whl.metadata (4.8 kB)
Collecting requests>=2.24.0 (from pandas-profiling>=3.2.0->-r C:\Users\efiom\Desktop\Outils\Projets\MachineLearningPipeline\Section5-production-model-package/requirements\requirements.txt (line 13))
  Using cached requests-2.32.3-py3-none-any.whl.metadata (4.6 kB)
Collecting tqdm>=4.48.2 (from pandas-profiling>=3.2.0->-r C:\Users\efiom\Desktop\Outils\Projets\MachineLearningPipeline\Section5-production-model-package/requirements\requirements.txt (line 13))
  Using cached tqdm-4.66.5-py3-none-any.whl.metadata (57 kB)
Collecting seaborn>=0.10.1 (from pandas-profiling>=3.2.0->-r C:\Users\efiom\Desktop\Outils\Projets\MachineLearningPipeline\Section5-production-model-package/requirements\requirements.txt (line 13))
  Using cached seaborn-0.13.2-py3-none-any.whl.metadata (5.4 kB)
Collecting multimethod>=1.4 (from pandas-profiling>=3.2.0->-r C:\Users\efiom\Desktop\Outils\Projets\MachineLearningPipeline\Section5-production-model-package/requirements\requirements.txt (line 13))
  Using cached multimethod-1.12-py3-none-any.whl.metadata (9.6 kB)
Collecting attrs>=19.3.0 (from visions==0.7.4->visions[type_image_path]==0.7.4->pandas-profiling>=3.2.0->-r C:\Users\efiom\Desktop\Outils\Projets\MachineLearningPipeline\Section5-production-model-package/requirements\requirements.txt (line 13))
  Using cached attrs-24.2.0-py3-none-any.whl.metadata (11 kB)
Collecting networkx>=2.4 (from visions==0.7.4->visions[type_image_path]==0.7.4->pandas-profiling>=3.2.0->-r C:\Users\efiom\Desktop\Outils\Projets\MachineLearningPipeline\Section5-production-model-package/requirements\requirements.txt (line 13))
  Using cached networkx-3.4.1-py3-none-any.whl.metadata (6.3 kB)
Collecting imagehash (from visions[type_image_path]==0.7.4->pandas-profiling>=3.2.0->-r C:\Users\efiom\Desktop\Outils\Projets\MachineLearningPipeline\Section5-production-model-package/requirements\requirements.txt (line 13))
  Using cached ImageHash-4.3.1-py2.py3-none-any.whl.metadata (8.0 kB)
Collecting Pillow (from visions[type_image_path]==0.7.4->pandas-profiling>=3.2.0->-r C:\Users\efiom\Desktop\Outils\Projets\MachineLearningPipeline\Section5-production-model-package/requirements\requirements.txt (line 13))
  Using cached pillow-10.4.0-cp312-cp312-win_amd64.whl.metadata (9.3 kB)
INFO: pip is looking at multiple versions of feature-engine to determine which version is compatible with other requirements. This could take a while.
Collecting feature-engine<1.9.0,>=1.0.2 (from -r C:\Users\efiom\Desktop\Outils\Projets\MachineLearningPipeline\Section5-production-model-package/requirements\requirements.txt (line 11))
  Using cached feature_engine-1.7.0-py2.py3-none-any.whl.metadata (9.8 kB)
  Using cached feature_engine-1.6.2-py2.py3-none-any.whl.metadata (8.8 kB)
Collecting iniconfig (from pytest<8.0,>=6.0->-r C:\Users\efiom\Desktop\Outils\Projets\MachineLearningPipeline\Section5-production-model-package/requirements/test_requirements.txt (line 6))
  Using cached iniconfig-2.0.0-py3-none-any.whl.metadata (2.6 kB)
Collecting packaging (from pytest<8.0,>=6.0->-r C:\Users\efiom\Desktop\Outils\Projets\MachineLearningPipeline\Section5-production-model-package/requirements/test_requirements.txt (line 6))
  Using cached packaging-24.1-py3-none-any.whl.metadata (3.2 kB)
Collecting pluggy<2.0,>=0.12 (from pytest<8.0,>=6.0->-r C:\Users\efiom\Desktop\Outils\Projets\MachineLearningPipeline\Section5-production-model-package/requirements/test_requirements.txt (line 6))
  Using cached pluggy-1.5.0-py3-none-any.whl.metadata (4.8 kB)
Collecting colorama (from pytest<8.0,>=6.0->-r C:\Users\efiom\Desktop\Outils\Projets\MachineLearningPipeline\Section5-production-model-package/requirements/test_requirements.txt (line 6))
  Using cached colorama-0.4.6-py2.py3-none-any.whl.metadata (17 kB)
Collecting mccabe<0.8.0,>=0.7.0 (from flake8<6.0,>=3.8->-r C:\Users\efiom\Desktop\Outils\Projets\MachineLearningPipeline\Section5-production-model-package/requirements/test_requirements.txt (line 7))
  Using cached mccabe-0.7.0-py2.py3-none-any.whl.metadata (5.0 kB)
Collecting pycodestyle<2.10.0,>=2.9.0 (from flake8<6.0,>=3.8->-r C:\Users\efiom\Desktop\Outils\Projets\MachineLearningPipeline\Section5-production-model-package/requirements/test_requirements.txt (line 7))
  Using cached pycodestyle-2.9.1-py2.py3-none-any.whl.metadata (31 kB)
Collecting pyflakes<2.6.0,>=2.5.0 (from flake8<6.0,>=3.8->-r C:\Users\efiom\Desktop\Outils\Projets\MachineLearningPipeline\Section5-production-model-package/requirements/test_requirements.txt (line 7))
  Using cached pyflakes-2.5.0-py2.py3-none-any.whl.metadata (3.8 kB)
Collecting mypy-extensions>=0.4.3 (from mypy<1.0,>=0.910->-r C:\Users\efiom\Desktop\Outils\Projets\MachineLearningPipeline\Section5-production-model-package/requirements/test_requirements.txt (line 9))
  Using cached mypy_extensions-1.0.0-py3-none-any.whl.metadata (1.1 kB)
Collecting contourpy>=1.0.1 (from matplotlib>=3.2.0->pandas-profiling>=3.2.0->-r C:\Users\efiom\Desktop\Outils\Projets\MachineLearningPipeline\Section5-production-model-package/requirements\requirements.txt (line 13))
  Using cached contourpy-1.3.0-cp312-cp312-win_amd64.whl.metadata (5.4 kB)
Collecting cycler>=0.10 (from matplotlib>=3.2.0->pandas-profiling>=3.2.0->-r C:\Users\efiom\Desktop\Outils\Projets\MachineLearningPipeline\Section5-production-model-package/requirements\requirements.txt (line 13))
  Using cached cycler-0.12.1-py3-none-any.whl.metadata (3.8 kB)
Collecting fonttools>=4.22.0 (from matplotlib>=3.2.0->pandas-profiling>=3.2.0->-r C:\Users\efiom\Desktop\Outils\Projets\MachineLearningPipeline\Section5-production-model-package/requirements\requirements.txt (line 13))
  Using cached fonttools-4.54.1-cp312-cp312-win_amd64.whl.metadata (167 kB)
Collecting kiwisolver>=1.3.1 (from matplotlib>=3.2.0->pandas-profiling>=3.2.0->-r C:\Users\efiom\Desktop\Outils\Projets\MachineLearningPipeline\Section5-production-model-package/requirements\requirements.txt (line 13))
  Using cached kiwisolver-1.4.7-cp312-cp312-win_amd64.whl.metadata (6.4 kB)
Collecting pyparsing>=2.3.1 (from matplotlib>=3.2.0->pandas-profiling>=3.2.0->-r C:\Users\efiom\Desktop\Outils\Projets\MachineLearningPipeline\Section5-production-model-package/requirements\requirements.txt (line 13))
  Using cached pyparsing-3.2.0-py3-none-any.whl.metadata (5.0 kB)
Collecting six>=1.5 (from python-dateutil>=2.8.2->pandas<3.0.0,>=2.2.0->-r C:\Users\efiom\Desktop\Outils\Projets\MachineLearningPipeline\Section5-production-model-package/requirements\requirements.txt (line 6))
  Using cached six-1.16.0-py2.py3-none-any.whl.metadata (1.8 kB)
Collecting charset-normalizer<4,>=2 (from requests>=2.24.0->pandas-profiling>=3.2.0->-r C:\Users\efiom\Desktop\Outils\Projets\MachineLearningPipeline\Section5-production-model-package/requirements\requirements.txt (line 13))
  Using cached charset_normalizer-3.4.0-cp312-cp312-win_amd64.whl.metadata (34 kB)
Collecting idna<4,>=2.5 (from requests>=2.24.0->pandas-profiling>=3.2.0->-r C:\Users\efiom\Desktop\Outils\Projets\MachineLearningPipeline\Section5-production-model-package/requirements\requirements.txt (line 13))
  Using cached idna-3.10-py3-none-any.whl.metadata (10 kB)
Collecting urllib3<3,>=1.21.1 (from requests>=2.24.0->pandas-profiling>=3.2.0->-r C:\Users\efiom\Desktop\Outils\Projets\MachineLearningPipeline\Section5-production-model-package/requirements\requirements.txt (line 13))
  Using cached urllib3-2.2.3-py3-none-any.whl.metadata (6.5 kB)
Collecting certifi>=2017.4.17 (from requests>=2.24.0->pandas-profiling>=3.2.0->-r C:\Users\efiom\Desktop\Outils\Projets\MachineLearningPipeline\Section5-production-model-package/requirements\requirements.txt (line 13))
  Using cached certifi-2024.8.30-py3-none-any.whl.metadata (2.2 kB)
Collecting patsy>=0.5.6 (from statsmodels>=0.11.1->feature-engine<1.9.0,>=1.0.2->-r C:\Users\efiom\Desktop\Outils\Projets\MachineLearningPipeline\Section5-production-model-package/requirements\requirements.txt (line 11))
  Using cached patsy-0.5.6-py2.py3-none-any.whl.metadata (3.5 kB)
Collecting PyWavelets (from imagehash->visions[type_image_path]==0.7.4->pandas-profiling>=3.2.0->-r C:\Users\efiom\Desktop\Outils\Projets\MachineLearningPipeline\Section5-production-model-package/requirements\requirements.txt (line 13))
  Using cached pywavelets-1.7.0-cp312-cp312-win_amd64.whl.metadata (9.0 kB)
Using cached setuptools-75.1.0-py3-none-any.whl (1.2 MB)
Using cached numpy-1.26.4-cp312-cp312-win_amd64.whl (15.5 MB)
Using cached pandas-2.2.3-cp312-cp312-win_amd64.whl (11.5 MB)
Using cached pydantic-1.10.18-cp312-cp312-win_amd64.whl (1.9 MB)
Using cached scikit_learn-1.3.2-cp312-cp312-win_amd64.whl (9.1 MB)
Using cached pandas_profiling-3.2.0-py2.py3-none-any.whl (262 kB)
Using cached tangled_up_in_unicode-0.2.0-py3-none-any.whl (4.7 MB)
Using cached visions-0.7.4-py3-none-any.whl (102 kB)
Using cached joblib-1.1.1-py2.py3-none-any.whl (309 kB)
Using cached strictyaml-1.7.3-py3-none-any.whl (123 kB)
Using cached ruamel.yaml-0.18.6-py3-none-any.whl (117 kB)
Using cached feature_engine-1.6.2-py2.py3-none-any.whl (328 kB)
Using cached pytest-7.4.4-py3-none-any.whl (325 kB)
Using cached flake8-5.0.4-py2.py3-none-any.whl (61 kB)
Using cached isort-5.13.2-py3-none-any.whl (92 kB)
Using cached mypy-0.991-py3-none-any.whl (2.3 MB)
Using cached jinja2-3.1.4-py3-none-any.whl (133 kB)
Using cached MarkupSafe-2.1.5-cp312-cp312-win_amd64.whl (17 kB)
Using cached matplotlib-3.9.2-cp312-cp312-win_amd64.whl (7.8 MB)
Using cached mccabe-0.7.0-py2.py3-none-any.whl (7.3 kB)
Using cached missingno-0.5.2-py3-none-any.whl (8.7 kB)
Using cached multimethod-1.12-py3-none-any.whl (10 kB)
Using cached mypy_extensions-1.0.0-py3-none-any.whl (4.7 kB)
Using cached packaging-24.1-py3-none-any.whl (53 kB)
Using cached phik-0.12.4-cp312-cp312-win_amd64.whl (666 kB)
Using cached pluggy-1.5.0-py3-none-any.whl (20 kB)
Using cached pycodestyle-2.9.1-py2.py3-none-any.whl (41 kB)
Using cached pyflakes-2.5.0-py2.py3-none-any.whl (66 kB)
Using cached python_dateutil-2.9.0.post0-py2.py3-none-any.whl (229 kB)
Using cached pytz-2024.2-py2.py3-none-any.whl (508 kB)
Using cached PyYAML-6.0.2-cp312-cp312-win_amd64.whl (156 kB)
Using cached requests-2.32.3-py3-none-any.whl (64 kB)
Using cached ruamel.yaml.clib-0.2.8-cp312-cp312-win_amd64.whl (115 kB)
Using cached scipy-1.14.1-cp312-cp312-win_amd64.whl (44.5 MB)
Using cached seaborn-0.13.2-py3-none-any.whl (294 kB)
Using cached statsmodels-0.14.4-cp312-cp312-win_amd64.whl (9.8 MB)
Using cached threadpoolctl-3.5.0-py3-none-any.whl (18 kB)
Using cached tqdm-4.66.5-py3-none-any.whl (78 kB)
Using cached typing_extensions-4.12.2-py3-none-any.whl (37 kB)
Using cached tzdata-2024.2-py2.py3-none-any.whl (346 kB)
Using cached colorama-0.4.6-py2.py3-none-any.whl (25 kB)
Using cached iniconfig-2.0.0-py3-none-any.whl (5.9 kB)
Using cached attrs-24.2.0-py3-none-any.whl (63 kB)
Using cached certifi-2024.8.30-py3-none-any.whl (167 kB)
Using cached charset_normalizer-3.4.0-cp312-cp312-win_amd64.whl (102 kB)
Using cached contourpy-1.3.0-cp312-cp312-win_amd64.whl (218 kB)
Using cached cycler-0.12.1-py3-none-any.whl (8.3 kB)
Using cached fonttools-4.54.1-cp312-cp312-win_amd64.whl (2.2 MB)
Using cached idna-3.10-py3-none-any.whl (70 kB)
Using cached kiwisolver-1.4.7-cp312-cp312-win_amd64.whl (55 kB)
Using cached networkx-3.4.1-py3-none-any.whl (1.7 MB)
Using cached patsy-0.5.6-py2.py3-none-any.whl (233 kB)
Using cached pillow-10.4.0-cp312-cp312-win_amd64.whl (2.6 MB)
Using cached pyparsing-3.2.0-py3-none-any.whl (106 kB)
Using cached six-1.16.0-py2.py3-none-any.whl (11 kB)
Using cached urllib3-2.2.3-py3-none-any.whl (126 kB)
Using cached ImageHash-4.3.1-py2.py3-none-any.whl (296 kB)
Using cached pywavelets-1.7.0-cp312-cp312-win_amd64.whl (4.2 MB)
Installing collected packages: pytz, htmlmin, urllib3, tzdata, typing-extensions, threadpoolctl, tangled-up-in-unicode, six, setuptools, ruamel.yaml.clib, PyYAML, pyparsing, pyflakes, pycodestyle, pluggy, Pillow, packaging, numpy, networkx, mypy-extensions, multimethod, mccabe, markupsafe, kiwisolver, joblib, isort, iniconfig, idna, fonttools, cycler, colorama, charset-normalizer, certifi, attrs, tqdm, scipy, ruamel.yaml, requests, PyWavelets, python-dateutil, pytest, pydantic, patsy, mypy, jinja2, flake8, contourpy, strictyaml, scikit-learn, pandas, matplotlib, imagehash, visions, statsmodels, seaborn, phik, missingno, feature-engine, pandas-profiling
Successfully installed Pillow-10.4.0 PyWavelets-1.7.0 PyYAML-6.0.2 attrs-24.2.0 certifi-2024.8.30 charset-normalizer-3.4.0 colorama-0.4.6 contourpy-1.3.0 cycler-0.12.1 feature-engine-1.6.2 flake8-5.0.4 fonttools-4.54.1 htmlmin-0.1.12 idna-3.10 imagehash-4.3.1 iniconfig-2.0.0 isort-5.13.2 jinja2-3.1.4 joblib-1.1.1 kiwisolver-1.4.7 markupsafe-2.1.5 matplotlib-3.9.2 mccabe-0.7.0 missingno-0.5.2 multimethod-1.12 mypy-0.991 mypy-extensions-1.0.0 networkx-3.4.1 numpy-1.26.4 packaging-24.1 pandas-2.2.3 pandas-profiling-3.2.0 patsy-0.5.6 phik-0.12.4 pluggy-1.5.0 pycodestyle-2.9.1 pydantic-1.10.18 pyflakes-2.5.0 pyparsing-3.2.0 pytest-7.4.4 python-dateutil-2.9.0.post0 pytz-2024.2 requests-2.32.3 ruamel.yaml-0.18.6 ruamel.yaml.clib-0.2.8 scikit-learn-1.3.2 scipy-1.14.1 seaborn-0.13.2 setuptools-75.1.0 six-1.16.0 statsmodels-0.14.4 strictyaml-1.7.3 tangled-up-in-unicode-0.2.0 threadpoolctl-3.5.0 tqdm-4.66.5 typing-extensions-4.12.2 tzdata-2024.2 urllib3-2.2.3 visions-0.7.4
